<?xml version="1.0" encoding="UTF-8"?>
<testsuite name="LibraryTest" tests="1" failures="0" errors="0" timestamp="2017-10-09T19:16:28" hostname="CPX-5R54QGKCOGQ" time="0.002">
  <properties/>
  <testcase name="testSomeLibraryMethod" classname="LibraryTest" time="0.002"/>
  <system-out><![CDATA[]]></system-out>
  <system-err><![CDATA[]]></system-err>
</testsuite>
